<?xml version="1.0" encoding="UTF-8"?>
<testng-results skipped="0" failed="0" ignored="0" total="1" passed="1">
  <reporter-output>
  </reporter-output>
  <suite name="Default suite" duration-ms="4879" started-at="2018-06-23T17:48:15Z" finished-at="2018-06-23T17:48:20Z">
    <groups>
    </groups>
    <test name="Default test" duration-ms="4879" started-at="2018-06-23T17:48:15Z" finished-at="2018-06-23T17:48:20Z">
      <class name="com.jobappliation.PersonalInfoTest">
        <test-method status="PASS" signature="setUp()[pri:0, instance:com.jobappliation.PersonalInfoTest@39c0f4a]" name="setUp" is-config="true" duration-ms="2483" started-at="2018-06-23T17:48:15Z" finished-at="2018-06-23T17:48:18Z">
          <reporter-output>
          </reporter-output>
        </test-method> <!-- setUp -->
        <test-method status="PASS" signature="navigateToHomePage()[pri:0, instance:com.jobappliation.PersonalInfoTest@39c0f4a]" name="navigateToHomePage" is-config="true" duration-ms="2154" started-at="2018-06-23T17:48:18Z" finished-at="2018-06-23T17:48:20Z">
          <reporter-output>
          </reporter-output>
        </test-method> <!-- navigateToHomePage -->
        <test-method status="PASS" signature="fullNameEmptyTest()[pri:0, instance:com.jobappliation.PersonalInfoTest@39c0f4a]" name="fullNameEmptyTest" duration-ms="224" started-at="2018-06-23T17:48:20Z" finished-at="2018-06-23T17:48:20Z">
          <reporter-output>
          </reporter-output>
        </test-method> <!-- fullNameEmptyTest -->
      </class> <!-- com.jobappliation.PersonalInfoTest -->
    </test> <!-- Default test -->
  </suite> <!-- Default suite -->
</testng-results>
