<?xml version="1.0" encoding="UTF-8"?>
<testng-results skipped="0" failed="0" ignored="0" total="1" passed="1">
  <reporter-output>
  </reporter-output>
  <suite name="Default suite" duration-ms="11095" started-at="2018-06-23T17:13:11Z" finished-at="2018-06-23T17:13:22Z">
    <groups>
    </groups>
    <test name="Default test" duration-ms="11095" started-at="2018-06-23T17:13:11Z" finished-at="2018-06-23T17:13:22Z">
      <class name="com.jobappliation.PersonalInfoTest">
        <test-method status="PASS" signature="setUp()[pri:0, instance:com.jobappliation.PersonalInfoTest@39c0f4a]" name="setUp" is-config="true" duration-ms="7546" started-at="2018-06-23T17:13:11Z" finished-at="2018-06-23T17:13:19Z">
          <reporter-output>
          </reporter-output>
        </test-method> <!-- setUp -->
        <test-method status="PASS" signature="navigateToHomePage()[pri:0, instance:com.jobappliation.PersonalInfoTest@39c0f4a]" name="navigateToHomePage" is-config="true" duration-ms="2505" started-at="2018-06-23T17:13:19Z" finished-at="2018-06-23T17:13:21Z">
          <reporter-output>
          </reporter-output>
        </test-method> <!-- navigateToHomePage -->
        <test-method status="PASS" signature="fullNameEmptyTest()[pri:0, instance:com.jobappliation.PersonalInfoTest@39c0f4a]" name="fullNameEmptyTest" duration-ms="990" started-at="2018-06-23T17:13:21Z" finished-at="2018-06-23T17:13:22Z">
          <reporter-output>
          </reporter-output>
        </test-method> <!-- fullNameEmptyTest -->
      </class> <!-- com.jobappliation.PersonalInfoTest -->
    </test> <!-- Default test -->
  </suite> <!-- Default suite -->
</testng-results>
